<?xml version="1.0" encoding="UTF-8"?>
<testExecutions version="1">
  <file path="C:\Users\Aqeel\Documents\GitHub\productAggregator\tests\unit\scrapers\BaseCrawler.simple.test.js">
    <testCase name="BaseCrawler Simple Test should be able to require BaseCrawler" duration="244"/>
    <testCase name="BaseCrawler Simple Test should initialize with custom config" duration="1"/>
    <testCase name="BaseCrawler Simple Test should have all required methods" duration="2"/>
    <testCase name="BaseCrawler Simple Test should track memory statistics" duration="2"/>
    <testCase name="BaseCrawler Simple Test should handle proxy configuration" duration="2"/>
  </file>
  <file path="C:\Users\Aqeel\Documents\GitHub\productAggregator\tests\unit\scrapers\BaseCrawler.test.js">
    <testCase name="BaseCrawler Simple Test should be able to require BaseCrawler" duration="4"/>
    <testCase name="BaseCrawler Simple Test should initialize with custom config" duration="0"/>
    <testCase name="BaseCrawler Simple Test should have all required methods" duration="1"/>
    <testCase name="BaseCrawler Simple Test should track memory statistics" duration="2"/>
    <testCase name="BaseCrawler Simple Test should handle proxy configuration" duration="2"/>
  </file>
</testExecutions>